# JRE version: OpenJDK Runtime Environment Corretto-17.0.13.11.1 (17.0.13+11) (build 17.0.13+11-LTS)
# Java VM: OpenJDK 64-Bit Server VM Corretto-17.0.13.11.1 (17.0.13+11-LTS, mixed mode, sharing, tiered, compressed oops, compressed class ptrs, g1 gc, windows-amd64)
GC Precious Log:
 CPUs: 8 total, 8 available
 Memory: 6082M
 Large Page Support: Disabled
 NUMA Support: Disabled
 Compressed Oops: Enabled (32-bit)
 Heap Region Size: 1M
 Heap Min Capacity: 8M
 Heap Initial Capacity: 96M
 Heap Max Capacity: 512M
 Pre-touch: Disabled
 Parallel Workers: 8
 Concurrent Workers: 2
 Concurrent Refinement Workers: 8
 Periodic GC: Disabled
Heap:
 garbage-first heap   total 61440K, used 27445K [0x00000000e0000000, 0x0000000100000000)
  region size 1024K, 5 young (5120K), 3 survivors (3072K)
 Metaspace       used 41028K, committed 41408K, reserved 1114112K
  class space    used 5388K, committed 5568K, reserved 1048576K
GC Heap History (20 events):
Event: 4.877 GC heap before
{Heap before GC invocations=2 (full 0):
 garbage-first heap   total 98304K, used 48934K [0x00000000e0000000, 0x0000000100000000)
  region size 1024K, 36 young (36864K), 1 survivors (1024K)
 Metaspace       used 15924K, committed 16192K, reserved 1114112K
  class space    used 2063K, committed 2176K, reserved 1048576K
}
Event: 4.881 GC heap after
{Heap after GC invocations=3 (full 0):
 garbage-first heap   total 98304K, used 14870K [0x00000000e0000000, 0x0000000100000000)
  region size 1024K, 3 young (3072K), 3 survivors (3072K)
 Metaspace       used 15924K, committed 16192K, reserved 1114112K
  class space    used 2063K, committed 2176K, reserved 1048576K
}
Event: 6.137 GC heap before
{Heap before GC invocations=3 (full 0):
 garbage-first heap   total 98304K, used 46614K [0x00000000e0000000, 0x0000000100000000)
  region size 1024K, 35 young (35840K), 3 survivors (3072K)
 Metaspace       used 21273K, committed 21504K, reserved 1114112K
  class space    used 2771K, committed 2880K, reserved 1048576K
}
Event: 6.145 GC heap after
{Heap after GC invocations=4 (full 0):
 garbage-first heap   total 98304K, used 15864K [0x00000000e0000000, 0x0000000100000000)
  region size 1024K, 4 young (4096K), 4 survivors (4096K)
 Metaspace       used 21273K, committed 21504K, reserved 1114112K
  class space    used 2771K, committed 2880K, reserved 1048576K
}
Event: 58.918 GC heap before
{Heap before GC invocations=5 (full 0):
 garbage-first heap   total 61440K, used 49656K [0x00000000e0000000, 0x0000000100000000)
  region size 1024K, 38 young (38912K), 4 survivors (4096K)
 Metaspace       used 25453K, committed 25728K, reserved 1114112K
  class space    used 3335K, committed 3456K, reserved 1048576K
}
Event: 58.926 GC heap after
{Heap after GC invocations=6 (full 0):
 garbage-first heap   total 61440K, used 19555K [0x00000000e0000000, 0x0000000100000000)
  region size 1024K, 7 young (7168K), 7 survivors (7168K)
 Metaspace       used 25453K, committed 25728K, reserved 1114112K
  class space    used 3335K, committed 3456K, reserved 1048576K
}
Event: 58.961 GC heap before
{Heap before GC invocations=6 (full 0):
 garbage-first heap   total 61440K, used 20579K [0x00000000e0000000, 0x0000000100000000)
  region size 1024K, 8 young (8192K), 7 survivors (7168K)
 Metaspace       used 25609K, committed 25856K, reserved 1114112K
  class space    used 3358K, committed 3456K, reserved 1048576K
}
Event: 58.967 GC heap after
{Heap after GC invocations=7 (full 0):
 garbage-first heap   total 61440K, used 19972K [0x00000000e0000000, 0x0000000100000000)
  region size 1024K, 1 young (1024K), 1 survivors (1024K)
 Metaspace       used 25609K, committed 25856K, reserved 1114112K
  class space    used 3358K, committed 3456K, reserved 1048576K
}
Event: 59.643 GC heap before
{Heap before GC invocations=7 (full 0):
 garbage-first heap   total 61440K, used 42500K [0x00000000e0000000, 0x0000000100000000)
  region size 1024K, 24 young (24576K), 1 survivors (1024K)
 Metaspace       used 30134K, committed 30528K, reserved 1114112K
  class space    used 3925K, committed 4096K, reserved 1048576K
}
Event: 59.645 GC heap after
{Heap after GC invocations=8 (full 0):
 garbage-first heap   total 61440K, used 20192K [0x00000000e0000000, 0x0000000100000000)
  region size 1024K, 2 young (2048K), 2 survivors (2048K)
 Metaspace       used 30134K, committed 30528K, reserved 1114112K
  class space    used 3925K, committed 4096K, reserved 1048576K
}
Event: 60.161 GC heap before
{Heap before GC invocations=8 (full 0):
 garbage-first heap   total 61440K, used 42720K [0x00000000e0000000, 0x0000000100000000)
  region size 1024K, 25 young (25600K), 2 survivors (2048K)
 Metaspace       used 33872K, committed 34240K, reserved 1114112K
  class space    used 4434K, committed 4608K, reserved 1048576K
}
Event: 60.165 GC heap after
{Heap after GC invocations=9 (full 0):
 garbage-first heap   total 61440K, used 21858K [0x00000000e0000000, 0x0000000100000000)
  region size 1024K, 3 young (3072K), 3 survivors (3072K)
 Metaspace       used 33872K, committed 34240K, reserved 1114112K
  class space    used 4434K, committed 4608K, reserved 1048576K
}
Event: 60.809 GC heap before
{Heap before GC invocations=9 (full 0):
 garbage-first heap   total 61440K, used 45410K [0x00000000e0000000, 0x0000000100000000)
  region size 1024K, 26 young (26624K), 3 survivors (3072K)
 Metaspace       used 35593K, committed 35968K, reserved 1114112K
  class space    used 4634K, committed 4800K, reserved 1048576K
}
Event: 60.814 GC heap after
{Heap after GC invocations=10 (full 0):
 garbage-first heap   total 61440K, used 23608K [0x00000000e0000000, 0x0000000100000000)
  region size 1024K, 4 young (4096K), 4 survivors (4096K)
 Metaspace       used 35593K, committed 35968K, reserved 1114112K
  class space    used 4634K, committed 4800K, reserved 1048576K
}
Event: 60.853 GC heap before
{Heap before GC invocations=10 (full 0):
 garbage-first heap   total 61440K, used 24632K [0x00000000e0000000, 0x0000000100000000)
  region size 1024K, 6 young (6144K), 4 survivors (4096K)
 Metaspace       used 35652K, committed 35968K, reserved 1114112K
  class space    used 4643K, committed 4800K, reserved 1048576K
}
Event: 60.856 GC heap after
{Heap after GC invocations=11 (full 0):
 garbage-first heap   total 61440K, used 24013K [0x00000000e0000000, 0x0000000100000000)
  region size 1024K, 3 young (3072K), 3 survivors (3072K)
 Metaspace       used 35652K, committed 35968K, reserved 1114112K
  class space    used 4643K, committed 4800K, reserved 1048576K
}
Event: 61.713 GC heap before
{Heap before GC invocations=12 (full 0):
 garbage-first heap   total 61440K, used 46541K [0x00000000e0000000, 0x0000000100000000)
  region size 1024K, 25 young (25600K), 3 survivors (3072K)
 Metaspace       used 38135K, committed 38464K, reserved 1114112K
  class space    used 4971K, committed 5120K, reserved 1048576K
}
Event: 61.717 GC heap after
{Heap after GC invocations=13 (full 0):
 garbage-first heap   total 61440K, used 24936K [0x00000000e0000000, 0x0000000100000000)
  region size 1024K, 4 young (4096K), 4 survivors (4096K)
 Metaspace       used 38135K, committed 38464K, reserved 1114112K
  class space    used 4971K, committed 5120K, reserved 1048576K
}
Event: 62.650 GC heap before
{Heap before GC invocations=13 (full 0):
 garbage-first heap   total 61440K, used 47464K [0x00000000e0000000, 0x0000000100000000)
  region size 1024K, 26 young (26624K), 4 survivors (4096K)
 Metaspace       used 40785K, committed 41216K, reserved 1114112K
  class space    used 5344K, committed 5504K, reserved 1048576K
}
Event: 62.655 GC heap after
{Heap after GC invocations=14 (full 0):
 garbage-first heap   total 61440K, used 26421K [0x00000000e0000000, 0x0000000100000000)
  region size 1024K, 3 young (3072K), 3 survivors (3072K)
 Metaspace       used 40785K, committed 41216K, reserved 1114112K
  class space    used 5344K, committed 5504K, reserved 1048576K
}

