# JRE version: OpenJDK Runtime Environment Corretto-17.0.13.11.1 (17.0.13+11) (build 17.0.13+11-LTS)
# Java VM: OpenJDK 64-Bit Server VM Corretto-17.0.13.11.1 (17.0.13+11-LTS, mixed mode, sharing, tiered, compressed oops, compressed class ptrs, g1 gc, windows-amd64)
GC Precious Log:
 CPUs: 8 total, 8 available
 Memory: 6082M
 Large Page Support: Disabled
 NUMA Support: Disabled
 Compressed Oops: Enabled (32-bit)
 Heap Region Size: 1M
 Heap Min Capacity: 8M
 Heap Initial Capacity: 96M
 Heap Max Capacity: 512M
 Pre-touch: Disabled
 Parallel Workers: 8
 Concurrent Workers: 2
 Concurrent Refinement Workers: 8
 Periodic GC: Disabled
Heap:
 garbage-first heap   total 61440K, used 40558K [0x00000000e0000000, 0x0000000100000000)
  region size 1024K, 8 young (8192K), 2 survivors (2048K)
 Metaspace       used 62118K, committed 62656K, reserved 1114112K
  class space    used 8345K, committed 8576K, reserved 1048576K
GC Heap History (20 events):
Event: 156.948 GC heap before
{Heap before GC invocations=12 (full 0):
 garbage-first heap   total 61440K, used 46303K [0x00000000e0000000, 0x0000000100000000)
  region size 1024K, 24 young (24576K), 2 survivors (2048K)
 Metaspace       used 38272K, committed 38592K, reserved 1114112K
  class space    used 4996K, committed 5120K, reserved 1048576K
}
Event: 156.954 GC heap after
{Heap after GC invocations=13 (full 0):
 garbage-first heap   total 61440K, used 24945K [0x00000000e0000000, 0x0000000100000000)
  region size 1024K, 2 young (2048K), 2 survivors (2048K)
 Metaspace       used 38272K, committed 38592K, reserved 1114112K
  class space    used 4996K, committed 5120K, reserved 1048576K
}
Event: 158.738 GC heap before
{Heap before GC invocations=13 (full 0):
 garbage-first heap   total 61440K, used 47473K [0x00000000e0000000, 0x0000000100000000)
  region size 1024K, 24 young (24576K), 2 survivors (2048K)
 Metaspace       used 40935K, committed 41344K, reserved 1114112K
  class space    used 5367K, committed 5568K, reserved 1048576K
}
Event: 158.742 GC heap after
{Heap after GC invocations=14 (full 0):
 garbage-first heap   total 61440K, used 26621K [0x00000000e0000000, 0x0000000100000000)
  region size 1024K, 3 young (3072K), 3 survivors (3072K)
 Metaspace       used 40935K, committed 41344K, reserved 1114112K
  class space    used 5367K, committed 5568K, reserved 1048576K
}
Event: 162.512 GC heap before
{Heap before GC invocations=14 (full 0):
 garbage-first heap   total 61440K, used 49149K [0x00000000e0000000, 0x0000000100000000)
  region size 1024K, 25 young (25600K), 3 survivors (3072K)
 Metaspace       used 44917K, committed 45376K, reserved 1114112K
  class space    used 6071K, committed 6272K, reserved 1048576K
}
Event: 162.516 GC heap after
{Heap after GC invocations=15 (full 0):
 garbage-first heap   total 61440K, used 27696K [0x00000000e0000000, 0x0000000100000000)
  region size 1024K, 3 young (3072K), 3 survivors (3072K)
 Metaspace       used 44917K, committed 45376K, reserved 1114112K
  class space    used 6071K, committed 6272K, reserved 1048576K
}
Event: 164.481 GC heap before
{Heap before GC invocations=15 (full 0):
 garbage-first heap   total 61440K, used 49200K [0x00000000e0000000, 0x0000000100000000)
  region size 1024K, 24 young (24576K), 3 survivors (3072K)
 Metaspace       used 47629K, committed 48128K, reserved 1114112K
  class space    used 6563K, committed 6784K, reserved 1048576K
}
Event: 164.486 GC heap after
{Heap after GC invocations=16 (full 0):
 garbage-first heap   total 61440K, used 28987K [0x00000000e0000000, 0x0000000100000000)
  region size 1024K, 3 young (3072K), 3 survivors (3072K)
 Metaspace       used 47629K, committed 48128K, reserved 1114112K
  class space    used 6563K, committed 6784K, reserved 1048576K
}
Event: 166.027 GC heap before
{Heap before GC invocations=16 (full 0):
 garbage-first heap   total 61440K, used 49467K [0x00000000e0000000, 0x0000000100000000)
  region size 1024K, 23 young (23552K), 3 survivors (3072K)
 Metaspace       used 50585K, committed 51072K, reserved 1114112K
  class space    used 6950K, committed 7168K, reserved 1048576K
}
Event: 166.032 GC heap after
{Heap after GC invocations=17 (full 0):
 garbage-first heap   total 61440K, used 30448K [0x00000000e0000000, 0x0000000100000000)
  region size 1024K, 3 young (3072K), 3 survivors (3072K)
 Metaspace       used 50585K, committed 51072K, reserved 1114112K
  class space    used 6950K, committed 7168K, reserved 1048576K
}
Event: 167.563 GC heap before
{Heap before GC invocations=17 (full 0):
 garbage-first heap   total 61440K, used 49904K [0x00000000e0000000, 0x0000000100000000)
  region size 1024K, 22 young (22528K), 3 survivors (3072K)
 Metaspace       used 52757K, committed 53376K, reserved 1114112K
  class space    used 7233K, committed 7552K, reserved 1048576K
}
Event: 167.569 GC heap after
{Heap after GC invocations=18 (full 0):
 garbage-first heap   total 61440K, used 31663K [0x00000000e0000000, 0x0000000100000000)
  region size 1024K, 2 young (2048K), 2 survivors (2048K)
 Metaspace       used 52757K, committed 53376K, reserved 1114112K
  class space    used 7233K, committed 7552K, reserved 1048576K
}
Event: 170.022 GC heap before
{Heap before GC invocations=18 (full 0):
 garbage-first heap   total 61440K, used 49071K [0x00000000e0000000, 0x0000000100000000)
  region size 1024K, 20 young (20480K), 2 survivors (2048K)
 Metaspace       used 56801K, committed 57344K, reserved 1114112K
  class space    used 7711K, committed 8000K, reserved 1048576K
}
Event: 170.026 GC heap after
{Heap after GC invocations=19 (full 0):
 garbage-first heap   total 61440K, used 32366K [0x00000000e0000000, 0x0000000100000000)
  region size 1024K, 2 young (2048K), 2 survivors (2048K)
 Metaspace       used 56801K, committed 57344K, reserved 1114112K
  class space    used 7711K, committed 8000K, reserved 1048576K
}
Event: 171.505 GC heap before
{Heap before GC invocations=20 (full 0):
 garbage-first heap   total 61440K, used 50798K [0x00000000e0000000, 0x0000000100000000)
  region size 1024K, 20 young (20480K), 2 survivors (2048K)
 Metaspace       used 58623K, committed 59136K, reserved 1114112K
  class space    used 7933K, committed 8192K, reserved 1048576K
}
Event: 171.511 GC heap after
{Heap after GC invocations=21 (full 0):
 garbage-first heap   total 61440K, used 34345K [0x00000000e0000000, 0x0000000100000000)
  region size 1024K, 3 young (3072K), 3 survivors (3072K)
 Metaspace       used 58623K, committed 59136K, reserved 1114112K
  class space    used 7933K, committed 8192K, reserved 1048576K
}
Event: 174.225 GC heap before
{Heap before GC invocations=21 (full 0):
 garbage-first heap   total 61440K, used 50729K [0x00000000e0000000, 0x0000000100000000)
  region size 1024K, 19 young (19456K), 3 survivors (3072K)
 Metaspace       used 60354K, committed 60864K, reserved 1114112K
  class space    used 8131K, committed 8384K, reserved 1048576K
}
Event: 174.231 GC heap after
{Heap after GC invocations=22 (full 0):
 garbage-first heap   total 61440K, used 35249K [0x00000000e0000000, 0x0000000100000000)
  region size 1024K, 1 young (1024K), 1 survivors (1024K)
 Metaspace       used 60354K, committed 60864K, reserved 1114112K
  class space    used 8131K, committed 8384K, reserved 1048576K
}
Event: 177.152 GC heap before
{Heap before GC invocations=23 (full 0):
 garbage-first heap   total 61440K, used 50609K [0x00000000e0000000, 0x0000000100000000)
  region size 1024K, 16 young (16384K), 1 survivors (1024K)
 Metaspace       used 61673K, committed 62272K, reserved 1114112K
  class space    used 8305K, committed 8576K, reserved 1048576K
}
Event: 177.156 GC heap after
{Heap after GC invocations=24 (full 0):
 garbage-first heap   total 61440K, used 35438K [0x00000000e0000000, 0x0000000100000000)
  region size 1024K, 2 young (2048K), 2 survivors (2048K)
 Metaspace       used 61673K, committed 62272K, reserved 1114112K
  class space    used 8305K, committed 8576K, reserved 1048576K
}

