# JRE version: OpenJDK Runtime Environment OpenLogic-OpenJDK (17.0.12+7) (build 17.0.12+7-adhoc..jdk17u)
# Java VM: OpenJDK 64-Bit Server VM OpenLogic-OpenJDK (17.0.12+7-adhoc..jdk17u, mixed mode, sharing, tiered, compressed oops, compressed class ptrs, g1 gc, windows-amd64)
GC Precious Log:
 CPUs: 8 total, 8 available
 Memory: 6082M
 Large Page Support: Disabled
 NUMA Support: Disabled
 Compressed Oops: Enabled (32-bit)
 Heap Region Size: 1M
 Heap Min Capacity: 8M
 Heap Initial Capacity: 96M
 Heap Max Capacity: 512M
 Pre-touch: Disabled
 Parallel Workers: 8
 Concurrent Workers: 2
 Concurrent Refinement Workers: 8
 Periodic GC: Disabled
Heap:
 garbage-first heap   total 58368K, used 23800K [0x00000000e0000000, 0x0000000100000000)
  region size 1024K, 12 young (12288K), 5 survivors (5120K)
 Metaspace       used 21779K, committed 22080K, reserved 1114112K
  class space    used 2832K, committed 2944K, reserved 1048576K
GC Heap History (10 events):
Event: 4.817 GC heap before
{Heap before GC invocations=0 (full 0):
 garbage-first heap   total 98304K, used 25600K [0x00000000e0000000, 0x0000000100000000)
  region size 1024K, 23 young (23552K), 0 survivors (0K)
 Metaspace       used 5600K, committed 5824K, reserved 1114112K
  class space    used 706K, committed 832K, reserved 1048576K
}
Event: 4.830 GC heap after
{Heap after GC invocations=1 (full 0):
 garbage-first heap   total 98304K, used 12266K [0x00000000e0000000, 0x0000000100000000)
  region size 1024K, 3 young (3072K), 3 survivors (3072K)
 Metaspace       used 5600K, committed 5824K, reserved 1114112K
  class space    used 706K, committed 832K, reserved 1048576K
}
Event: 6.071 GC heap before
{Heap before GC invocations=1 (full 0):
 garbage-first heap   total 98304K, used 29674K [0x00000000e0000000, 0x0000000100000000)
  region size 1024K, 20 young (20480K), 3 survivors (3072K)
 Metaspace       used 8813K, committed 9088K, reserved 1114112K
  class space    used 1177K, committed 1344K, reserved 1048576K
}
Event: 6.075 GC heap after
{Heap after GC invocations=2 (full 0):
 garbage-first heap   total 98304K, used 13296K [0x00000000e0000000, 0x0000000100000000)
  region size 1024K, 1 young (1024K), 1 survivors (1024K)
 Metaspace       used 8813K, committed 9088K, reserved 1114112K
  class space    used 1177K, committed 1344K, reserved 1048576K
}
Event: 8.294 GC heap before
{Heap before GC invocations=2 (full 0):
 garbage-first heap   total 98304K, used 48112K [0x00000000e0000000, 0x0000000100000000)
  region size 1024K, 35 young (35840K), 1 survivors (1024K)
 Metaspace       used 15458K, committed 15680K, reserved 1114112K
  class space    used 2015K, committed 2112K, reserved 1048576K
}
Event: 8.298 GC heap after
{Heap after GC invocations=3 (full 0):
 garbage-first heap   total 98304K, used 15123K [0x00000000e0000000, 0x0000000100000000)
  region size 1024K, 3 young (3072K), 3 survivors (3072K)
 Metaspace       used 15458K, committed 15680K, reserved 1114112K
  class space    used 2015K, committed 2112K, reserved 1048576K
}
Event: 9.926 GC heap before
{Heap before GC invocations=3 (full 0):
 garbage-first heap   total 98304K, used 47891K [0x00000000e0000000, 0x0000000100000000)
  region size 1024K, 36 young (36864K), 3 survivors (3072K)
 Metaspace       used 21233K, committed 21504K, reserved 1114112K
  class space    used 2764K, committed 2880K, reserved 1048576K
}
Event: 9.933 GC heap after
{Heap after GC invocations=4 (full 0):
 garbage-first heap   total 98304K, used 16099K [0x00000000e0000000, 0x0000000100000000)
  region size 1024K, 4 young (4096K), 4 survivors (4096K)
 Metaspace       used 21233K, committed 21504K, reserved 1114112K
  class space    used 2764K, committed 2880K, reserved 1048576K
}
Event: 699.174 GC heap before
{Heap before GC invocations=5 (full 0):
 garbage-first heap   total 58368K, used 46819K [0x00000000e0000000, 0x0000000100000000)
  region size 1024K, 35 young (35840K), 4 survivors (4096K)
 Metaspace       used 21774K, committed 22080K, reserved 1114112K
  class space    used 2832K, committed 2944K, reserved 1048576K
}
Event: 699.263 GC heap after
{Heap after GC invocations=6 (full 0):
 garbage-first heap   total 58368K, used 17656K [0x00000000e0000000, 0x0000000100000000)
  region size 1024K, 5 young (5120K), 5 survivors (5120K)
 Metaspace       used 21774K, committed 22080K, reserved 1114112K
  class space    used 2832K, committed 2944K, reserved 1048576K
}

